<?xml version="1.0" encoding="UTF-8"?>
<!-- Generated by org.testng.reporters.JUnitReportReporter -->
<testsuite hostname="DESKTOP-B51MS8E" failures="0" tests="1" name="seesion4_Testing.Exercise_TestNG" time="9.837" errors="0" timestamp="2021-05-08T23:54:12 CDT" skipped="0">
  <testcase classname="seesion4_Testing.Exercise_TestNG" name="loginTest" time="9.837"/>
  <system-out/>
</testsuite> <!-- seesion4_Testing.Exercise_TestNG -->
